Build started 4/1/2012 1:23:48 PM.
     1>Project "C:\CIS 563\Final Project\Final Smoke (fix 1)\Final Smoke\SmokeSimStarterKit\SmokeSim\SmokeSim\SmokeSim.vcxproj" on node 2 (build target(s)).
     1>InitializeBuildStatus:
         Creating "Release\SmokeSim.unsuccessfulbuild" because "AlwaysCreate" was specified.
       ClCompile:
         c:\Program Files (x86)\Microsoft Visual Studio 10.0\VC\bin\CL.exe /c /Zi /nologo /W3 /WX- /O2 /Oi /Oy- /GL /D _MBCS /Gm- /EHsc /MD /GS /Gy /fp:precise /Zc:wchar_t /Zc:forScope /Fo"Release\\" /Fd"Release\vc100.pdb" /Gd /TP /analyze- /errorReport:prompt SourceCode\main.cpp
         main.cpp
         All outputs are up-to-date.
       Link:
         c:\Program Files (x86)\Microsoft Visual Studio 10.0\VC\bin\link.exe /ERRORREPORT:PROMPT /OUT:"C:\CIS 563\Final Project\Final Smoke (fix 1)\Final Smoke\SmokeSimStarterKit\SmokeSim\Release\SmokeSim.exe" /NOLOGO opengl32.lib glu32.lib glut32.lib kernel32.lib user32.lib gdi32.lib winspool.lib comdlg32.lib advapi32.lib shell32.lib ole32.lib oleaut32.lib uuid.lib odbc32.lib odbccp32.lib kernel32.lib user32.lib gdi32.lib winspool.lib comdlg32.lib advapi32.lib shell32.lib ole32.lib oleaut32.lib uuid.lib odbc32.lib odbccp32.lib /MANIFEST /ManifestFile:"Release\SmokeSim.exe.intermediate.manifest" /MANIFESTUAC:"level='asInvoker' uiAccess='false'" /DEBUG /PDB:"C:\CIS 563\Final Project\Final Smoke (fix 1)\Final Smoke\SmokeSimStarterKit\SmokeSim\Release\SmokeSim.pdb" /OPT:REF /OPT:ICF /LTCG /TLBID:1 /DYNAMICBASE /NXCOMPAT /IMPLIB:"C:\CIS 563\Final Project\Final Smoke (fix 1)\Final Smoke\SmokeSimStarterKit\SmokeSim\Release\SmokeSim.lib" /MACHINE:X86 Release\basic_math.obj
         Release\camera.obj
         Release\constants.obj
         Release\fps.obj
         Release\grid_data.obj
         Release\mac_grid.obj
         Release\main.obj
         Release\smoke_sim.obj
         Release\stb_image.obj
         Release\stb_image_write.obj
         Release\tinystr.obj
         Release\tinyxml.obj
         Release\tinyxmlerror.obj
         Release\tinyxmlparser.obj
         Release\vec.obj
         Release\world.obj
         Generating code
         Finished generating code
         SmokeSim.vcxproj -> C:\CIS 563\Final Project\Final Smoke (fix 1)\Final Smoke\SmokeSimStarterKit\SmokeSim\Release\SmokeSim.exe
       Manifest:
         c:\Program Files (x86)\Microsoft SDKs\Windows\v7.0A\bin\mt.exe /nologo /verbose /outputresource:"C:\CIS 563\Final Project\Final Smoke (fix 1)\Final Smoke\SmokeSimStarterKit\SmokeSim\Release\SmokeSim.exe;#1" /manifest Release\SmokeSim.exe.intermediate.manifest
       FinalizeBuildStatus:
         Deleting file "Release\SmokeSim.unsuccessfulbuild".
         Touching "Release\SmokeSim.lastbuildstate".
     1>Done Building Project "C:\CIS 563\Final Project\Final Smoke (fix 1)\Final Smoke\SmokeSimStarterKit\SmokeSim\SmokeSim\SmokeSim.vcxproj" (build target(s)).

Build succeeded.

Time Elapsed 00:00:02.17
