C:\CIS 563\FINAL PROJECT\FINAL SMOKE (FIX 1)\FINAL SMOKE\SMOKESIMSTARTERKIT\SMOKESIM\RELEASE\SMOKESIM.EXE
C:\CIS 563\FINAL PROJECT\FINAL SMOKE (FIX 1)\FINAL SMOKE\SMOKESIMSTARTERKIT\SMOKESIM\RELEASE\SMOKESIM.PDB
C:\CIS 563\FINAL PROJECT\FINAL SMOKE (FIX 1)\FINAL SMOKE\SMOKESIMSTARTERKIT\SMOKESIM\SMOKESIM\RELEASE\BASIC_MATH.OBJ
C:\CIS 563\FINAL PROJECT\FINAL SMOKE (FIX 1)\FINAL SMOKE\SMOKESIMSTARTERKIT\SMOKESIM\SMOKESIM\RELEASE\BLURFILTER.OBJ
C:\CIS 563\FINAL PROJECT\FINAL SMOKE (FIX 1)\FINAL SMOKE\SMOKESIMSTARTERKIT\SMOKESIM\SMOKESIM\RELEASE\CAMERA.OBJ
C:\CIS 563\Final Project\Final Smoke (fix 1)\Final Smoke\SmokeSimStarterKit\SmokeSim\SmokeSim\Release\cl.command.1.tlog
C:\CIS 563\Final Project\Final Smoke (fix 1)\Final Smoke\SmokeSimStarterKit\SmokeSim\SmokeSim\Release\CL.read.1.tlog
C:\CIS 563\Final Project\Final Smoke (fix 1)\Final Smoke\SmokeSimStarterKit\SmokeSim\SmokeSim\Release\CL.write.1.tlog
C:\CIS 563\FINAL PROJECT\FINAL SMOKE (FIX 1)\FINAL SMOKE\SMOKESIMSTARTERKIT\SMOKESIM\SMOKESIM\RELEASE\CONSTANTS.OBJ
C:\CIS 563\FINAL PROJECT\FINAL SMOKE (FIX 1)\FINAL SMOKE\SMOKESIMSTARTERKIT\SMOKESIM\SMOKESIM\RELEASE\FPS.OBJ
C:\CIS 563\FINAL PROJECT\FINAL SMOKE (FIX 1)\FINAL SMOKE\SMOKESIMSTARTERKIT\SMOKESIM\SMOKESIM\RELEASE\GRID_DATA.OBJ
C:\CIS 563\Final Project\Final Smoke (fix 1)\Final Smoke\SmokeSimStarterKit\SmokeSim\SmokeSim\Release\link.command.1.tlog
C:\CIS 563\Final Project\Final Smoke (fix 1)\Final Smoke\SmokeSimStarterKit\SmokeSim\SmokeSim\Release\link.read.1.tlog
C:\CIS 563\Final Project\Final Smoke (fix 1)\Final Smoke\SmokeSimStarterKit\SmokeSim\SmokeSim\Release\link.write.1.tlog
C:\CIS 563\FINAL PROJECT\FINAL SMOKE (FIX 1)\FINAL SMOKE\SMOKESIMSTARTERKIT\SMOKESIM\SMOKESIM\RELEASE\MAC_GRID.OBJ
C:\CIS 563\FINAL PROJECT\FINAL SMOKE (FIX 1)\FINAL SMOKE\SMOKESIMSTARTERKIT\SMOKESIM\SMOKESIM\RELEASE\MAIN.OBJ
C:\CIS 563\Final Project\Final Smoke (fix 1)\Final Smoke\SmokeSimStarterKit\SmokeSim\SmokeSim\Release\mt.command.1.tlog
C:\CIS 563\Final Project\Final Smoke (fix 1)\Final Smoke\SmokeSimStarterKit\SmokeSim\SmokeSim\Release\mt.read.1.tlog
C:\CIS 563\Final Project\Final Smoke (fix 1)\Final Smoke\SmokeSimStarterKit\SmokeSim\SmokeSim\Release\mt.write.1.tlog
C:\CIS 563\FINAL PROJECT\FINAL SMOKE (FIX 1)\FINAL SMOKE\SMOKESIMSTARTERKIT\SMOKESIM\SMOKESIM\RELEASE\SMOKE_SIM.OBJ
C:\CIS 563\FINAL PROJECT\FINAL SMOKE (FIX 1)\FINAL SMOKE\SMOKESIMSTARTERKIT\SMOKESIM\SMOKESIM\RELEASE\SMOKESIM.EXE.INTERMEDIATE.MANIFEST
C:\CIS 563\FINAL PROJECT\FINAL SMOKE (FIX 1)\FINAL SMOKE\SMOKESIMSTARTERKIT\SMOKESIM\SMOKESIM\RELEASE\STB_IMAGE.OBJ
C:\CIS 563\FINAL PROJECT\FINAL SMOKE (FIX 1)\FINAL SMOKE\SMOKESIMSTARTERKIT\SMOKESIM\SMOKESIM\RELEASE\STB_IMAGE_WRITE.OBJ
C:\CIS 563\FINAL PROJECT\FINAL SMOKE (FIX 1)\FINAL SMOKE\SMOKESIMSTARTERKIT\SMOKESIM\SMOKESIM\RELEASE\TINYSTR.OBJ
C:\CIS 563\FINAL PROJECT\FINAL SMOKE (FIX 1)\FINAL SMOKE\SMOKESIMSTARTERKIT\SMOKESIM\SMOKESIM\RELEASE\TINYXML.OBJ
C:\CIS 563\FINAL PROJECT\FINAL SMOKE (FIX 1)\FINAL SMOKE\SMOKESIMSTARTERKIT\SMOKESIM\SMOKESIM\RELEASE\TINYXMLERROR.OBJ
C:\CIS 563\FINAL PROJECT\FINAL SMOKE (FIX 1)\FINAL SMOKE\SMOKESIMSTARTERKIT\SMOKESIM\SMOKESIM\RELEASE\TINYXMLPARSER.OBJ
C:\CIS 563\FINAL PROJECT\FINAL SMOKE (FIX 1)\FINAL SMOKE\SMOKESIMSTARTERKIT\SMOKESIM\SMOKESIM\RELEASE\VC100.PDB
C:\CIS 563\FINAL PROJECT\FINAL SMOKE (FIX 1)\FINAL SMOKE\SMOKESIMSTARTERKIT\SMOKESIM\SMOKESIM\RELEASE\VEC.OBJ
C:\CIS 563\FINAL PROJECT\FINAL SMOKE (FIX 1)\FINAL SMOKE\SMOKESIMSTARTERKIT\SMOKESIM\SMOKESIM\RELEASE\WORLD.OBJ
C:\CIS 563\FINAL PROJECT\SMOKESIMSTARTERKIT(FINAL)\SMOKESIMSTARTERKIT\SMOKESIM\RELEASE\SMOKESIM.EXE
C:\CIS 563\FINAL PROJECT\SMOKESIMSTARTERKIT(FINAL)\SMOKESIMSTARTERKIT\SMOKESIM\RELEASE\SMOKESIM.PDB
C:\CIS 563\FINAL PROJECT\SMOKESIMSTARTERKIT(FINAL)\SMOKESIMSTARTERKIT\SMOKESIM\SMOKESIM\RELEASE\BASIC_MATH.OBJ
C:\CIS 563\FINAL PROJECT\SMOKESIMSTARTERKIT(FINAL)\SMOKESIMSTARTERKIT\SMOKESIM\SMOKESIM\RELEASE\CAMERA.OBJ
C:\CIS 563\FINAL PROJECT\SMOKESIMSTARTERKIT(FINAL)\SMOKESIMSTARTERKIT\SMOKESIM\SMOKESIM\RELEASE\CONSTANTS.OBJ
C:\CIS 563\FINAL PROJECT\SMOKESIMSTARTERKIT(FINAL)\SMOKESIMSTARTERKIT\SMOKESIM\SMOKESIM\RELEASE\FPS.OBJ
C:\CIS 563\FINAL PROJECT\SMOKESIMSTARTERKIT(FINAL)\SMOKESIMSTARTERKIT\SMOKESIM\SMOKESIM\RELEASE\GRID_DATA.OBJ
C:\CIS 563\FINAL PROJECT\SMOKESIMSTARTERKIT(FINAL)\SMOKESIMSTARTERKIT\SMOKESIM\SMOKESIM\RELEASE\MAC_GRID.OBJ
C:\CIS 563\FINAL PROJECT\SMOKESIMSTARTERKIT(FINAL)\SMOKESIMSTARTERKIT\SMOKESIM\SMOKESIM\RELEASE\MAIN.OBJ
C:\CIS 563\FINAL PROJECT\SMOKESIMSTARTERKIT(FINAL)\SMOKESIMSTARTERKIT\SMOKESIM\SMOKESIM\RELEASE\SMOKE_SIM.OBJ
C:\CIS 563\FINAL PROJECT\SMOKESIMSTARTERKIT(FINAL)\SMOKESIMSTARTERKIT\SMOKESIM\SMOKESIM\RELEASE\SMOKESIM.EXE.INTERMEDIATE.MANIFEST
C:\CIS 563\FINAL PROJECT\SMOKESIMSTARTERKIT(FINAL)\SMOKESIMSTARTERKIT\SMOKESIM\SMOKESIM\RELEASE\STB_IMAGE.OBJ
C:\CIS 563\FINAL PROJECT\SMOKESIMSTARTERKIT(FINAL)\SMOKESIMSTARTERKIT\SMOKESIM\SMOKESIM\RELEASE\STB_IMAGE_WRITE.OBJ
C:\CIS 563\FINAL PROJECT\SMOKESIMSTARTERKIT(FINAL)\SMOKESIMSTARTERKIT\SMOKESIM\SMOKESIM\RELEASE\VC100.PDB
C:\CIS 563\FINAL PROJECT\SMOKESIMSTARTERKIT(FINAL)\SMOKESIMSTARTERKIT\SMOKESIM\SMOKESIM\RELEASE\VEC.OBJ
C:\CIS 563\FINAL SMOKE (NEED THIS ONE)\FINAL SMOKE\SMOKESIMSTARTERKIT\SMOKESIM\RELEASE\SMOKESIM.EXE
C:\CIS 563\FINAL SMOKE (NEED THIS ONE)\FINAL SMOKE\SMOKESIMSTARTERKIT\SMOKESIM\RELEASE\SMOKESIM.PDB
C:\CIS 563\FINAL SMOKE (NEED THIS ONE)\FINAL SMOKE\SMOKESIMSTARTERKIT\SMOKESIM\SMOKESIM\RELEASE\BASIC_MATH.OBJ
C:\CIS 563\FINAL SMOKE (NEED THIS ONE)\FINAL SMOKE\SMOKESIMSTARTERKIT\SMOKESIM\SMOKESIM\RELEASE\CAMERA.OBJ
C:\CIS 563\FINAL SMOKE (NEED THIS ONE)\FINAL SMOKE\SMOKESIMSTARTERKIT\SMOKESIM\SMOKESIM\RELEASE\CONSTANTS.OBJ
C:\CIS 563\FINAL SMOKE (NEED THIS ONE)\FINAL SMOKE\SMOKESIMSTARTERKIT\SMOKESIM\SMOKESIM\RELEASE\FPS.OBJ
C:\CIS 563\FINAL SMOKE (NEED THIS ONE)\FINAL SMOKE\SMOKESIMSTARTERKIT\SMOKESIM\SMOKESIM\RELEASE\GRID_DATA.OBJ
C:\CIS 563\FINAL SMOKE (NEED THIS ONE)\FINAL SMOKE\SMOKESIMSTARTERKIT\SMOKESIM\SMOKESIM\RELEASE\MAC_GRID.OBJ
C:\CIS 563\FINAL SMOKE (NEED THIS ONE)\FINAL SMOKE\SMOKESIMSTARTERKIT\SMOKESIM\SMOKESIM\RELEASE\MAIN.OBJ
C:\CIS 563\FINAL SMOKE (NEED THIS ONE)\FINAL SMOKE\SMOKESIMSTARTERKIT\SMOKESIM\SMOKESIM\RELEASE\SMOKE_SIM.OBJ
C:\CIS 563\FINAL SMOKE (NEED THIS ONE)\FINAL SMOKE\SMOKESIMSTARTERKIT\SMOKESIM\SMOKESIM\RELEASE\SMOKESIM.EXE.INTERMEDIATE.MANIFEST
C:\CIS 563\FINAL SMOKE (NEED THIS ONE)\FINAL SMOKE\SMOKESIMSTARTERKIT\SMOKESIM\SMOKESIM\RELEASE\STB_IMAGE.OBJ
C:\CIS 563\FINAL SMOKE (NEED THIS ONE)\FINAL SMOKE\SMOKESIMSTARTERKIT\SMOKESIM\SMOKESIM\RELEASE\STB_IMAGE_WRITE.OBJ
C:\CIS 563\FINAL SMOKE (NEED THIS ONE)\FINAL SMOKE\SMOKESIMSTARTERKIT\SMOKESIM\SMOKESIM\RELEASE\TINYSTR.OBJ
C:\CIS 563\FINAL SMOKE (NEED THIS ONE)\FINAL SMOKE\SMOKESIMSTARTERKIT\SMOKESIM\SMOKESIM\RELEASE\TINYXML.OBJ
C:\CIS 563\FINAL SMOKE (NEED THIS ONE)\FINAL SMOKE\SMOKESIMSTARTERKIT\SMOKESIM\SMOKESIM\RELEASE\TINYXMLERROR.OBJ
C:\CIS 563\FINAL SMOKE (NEED THIS ONE)\FINAL SMOKE\SMOKESIMSTARTERKIT\SMOKESIM\SMOKESIM\RELEASE\TINYXMLPARSER.OBJ
C:\CIS 563\FINAL SMOKE (NEED THIS ONE)\FINAL SMOKE\SMOKESIMSTARTERKIT\SMOKESIM\SMOKESIM\RELEASE\VC100.PDB
C:\CIS 563\FINAL SMOKE (NEED THIS ONE)\FINAL SMOKE\SMOKESIMSTARTERKIT\SMOKESIM\SMOKESIM\RELEASE\VEC.OBJ
C:\CIS 563\FINAL SMOKE (NEED THIS ONE)\FINAL SMOKE\SMOKESIMSTARTERKIT\SMOKESIM\SMOKESIM\RELEASE\WORLD.OBJ
C:\CIS 563\SMOKESIMSTARTERKIT(PRECONDITIONING FINISHED)\SMOKESIMSTARTERKIT\SMOKESIM\RELEASE\SMOKESIM.EXE
C:\CIS 563\SMOKESIMSTARTERKIT(PRECONDITIONING FINISHED)\SMOKESIMSTARTERKIT\SMOKESIM\RELEASE\SMOKESIM.PDB
C:\CIS 563\SMOKESIMSTARTERKIT(PRECONDITIONING FINISHED)\SMOKESIMSTARTERKIT\SMOKESIM\SMOKESIM\RELEASE\BASIC_MATH.OBJ
C:\CIS 563\SMOKESIMSTARTERKIT(PRECONDITIONING FINISHED)\SMOKESIMSTARTERKIT\SMOKESIM\SMOKESIM\RELEASE\CAMERA.OBJ
C:\CIS 563\SMOKESIMSTARTERKIT(PRECONDITIONING FINISHED)\SMOKESIMSTARTERKIT\SMOKESIM\SMOKESIM\RELEASE\CONSTANTS.OBJ
C:\CIS 563\SMOKESIMSTARTERKIT(PRECONDITIONING FINISHED)\SMOKESIMSTARTERKIT\SMOKESIM\SMOKESIM\RELEASE\FPS.OBJ
C:\CIS 563\SMOKESIMSTARTERKIT(PRECONDITIONING FINISHED)\SMOKESIMSTARTERKIT\SMOKESIM\SMOKESIM\RELEASE\GRID_DATA.OBJ
C:\CIS 563\SMOKESIMSTARTERKIT(PRECONDITIONING FINISHED)\SMOKESIMSTARTERKIT\SMOKESIM\SMOKESIM\RELEASE\MAC_GRID.OBJ
C:\CIS 563\SMOKESIMSTARTERKIT(PRECONDITIONING FINISHED)\SMOKESIMSTARTERKIT\SMOKESIM\SMOKESIM\RELEASE\MAIN.OBJ
C:\CIS 563\SMOKESIMSTARTERKIT(PRECONDITIONING FINISHED)\SMOKESIMSTARTERKIT\SMOKESIM\SMOKESIM\RELEASE\SMOKE_SIM.OBJ
C:\CIS 563\SMOKESIMSTARTERKIT(PRECONDITIONING FINISHED)\SMOKESIMSTARTERKIT\SMOKESIM\SMOKESIM\RELEASE\SMOKESIM.EXE.INTERMEDIATE.MANIFEST
C:\CIS 563\SMOKESIMSTARTERKIT(PRECONDITIONING FINISHED)\SMOKESIMSTARTERKIT\SMOKESIM\SMOKESIM\RELEASE\STB_IMAGE.OBJ
C:\CIS 563\SMOKESIMSTARTERKIT(PRECONDITIONING FINISHED)\SMOKESIMSTARTERKIT\SMOKESIM\SMOKESIM\RELEASE\STB_IMAGE_WRITE.OBJ
C:\CIS 563\SMOKESIMSTARTERKIT(PRECONDITIONING FINISHED)\SMOKESIMSTARTERKIT\SMOKESIM\SMOKESIM\RELEASE\VC100.PDB
C:\CIS 563\SMOKESIMSTARTERKIT(PRECONDITIONING FINISHED)\SMOKESIMSTARTERKIT\SMOKESIM\SMOKESIM\RELEASE\VEC.OBJ
C:\CIS 563\SMOKESIMSTARTERKIT(VORTICITY FIXED)\SMOKESIMSTARTERKIT\SMOKESIM\RELEASE\SMOKESIM.EXE
C:\CIS 563\SMOKESIMSTARTERKIT(VORTICITY FIXED)\SMOKESIMSTARTERKIT\SMOKESIM\RELEASE\SMOKESIM.PDB
C:\CIS 563\SMOKESIMSTARTERKIT(VORTICITY FIXED)\SMOKESIMSTARTERKIT\SMOKESIM\SMOKESIM\RELEASE\BASIC_MATH.OBJ
C:\CIS 563\SMOKESIMSTARTERKIT(VORTICITY FIXED)\SMOKESIMSTARTERKIT\SMOKESIM\SMOKESIM\RELEASE\CAMERA.OBJ
C:\CIS 563\SMOKESIMSTARTERKIT(VORTICITY FIXED)\SMOKESIMSTARTERKIT\SMOKESIM\SMOKESIM\RELEASE\CONSTANTS.OBJ
C:\CIS 563\SMOKESIMSTARTERKIT(VORTICITY FIXED)\SMOKESIMSTARTERKIT\SMOKESIM\SMOKESIM\RELEASE\FPS.OBJ
C:\CIS 563\SMOKESIMSTARTERKIT(VORTICITY FIXED)\SMOKESIMSTARTERKIT\SMOKESIM\SMOKESIM\RELEASE\GRID_DATA.OBJ
C:\CIS 563\SMOKESIMSTARTERKIT(VORTICITY FIXED)\SMOKESIMSTARTERKIT\SMOKESIM\SMOKESIM\RELEASE\MAC_GRID.OBJ
C:\CIS 563\SMOKESIMSTARTERKIT(VORTICITY FIXED)\SMOKESIMSTARTERKIT\SMOKESIM\SMOKESIM\RELEASE\MAIN.OBJ
C:\CIS 563\SMOKESIMSTARTERKIT(VORTICITY FIXED)\SMOKESIMSTARTERKIT\SMOKESIM\SMOKESIM\RELEASE\SMOKE_SIM.OBJ
C:\CIS 563\SMOKESIMSTARTERKIT(VORTICITY FIXED)\SMOKESIMSTARTERKIT\SMOKESIM\SMOKESIM\RELEASE\SMOKESIM.EXE.INTERMEDIATE.MANIFEST
C:\CIS 563\SMOKESIMSTARTERKIT(VORTICITY FIXED)\SMOKESIMSTARTERKIT\SMOKESIM\SMOKESIM\RELEASE\STB_IMAGE.OBJ
C:\CIS 563\SMOKESIMSTARTERKIT(VORTICITY FIXED)\SMOKESIMSTARTERKIT\SMOKESIM\SMOKESIM\RELEASE\STB_IMAGE_WRITE.OBJ
C:\CIS 563\SMOKESIMSTARTERKIT(VORTICITY FIXED)\SMOKESIMSTARTERKIT\SMOKESIM\SMOKESIM\RELEASE\VC100.PDB
C:\CIS 563\SMOKESIMSTARTERKIT(VORTICITY FIXED)\SMOKESIMSTARTERKIT\SMOKESIM\SMOKESIM\RELEASE\VEC.OBJ
F:\CIS 563\FINAL SMOKE\FINAL SMOKE\SMOKESIMSTARTERKIT\SMOKESIM\RELEASE\SMOKESIM.EXE
F:\CIS 563\FINAL SMOKE\FINAL SMOKE\SMOKESIMSTARTERKIT\SMOKESIM\RELEASE\SMOKESIM.PDB
F:\CIS 563\FINAL SMOKE\FINAL SMOKE\SMOKESIMSTARTERKIT\SMOKESIM\SMOKESIM\RELEASE\BASIC_MATH.OBJ
F:\CIS 563\FINAL SMOKE\FINAL SMOKE\SMOKESIMSTARTERKIT\SMOKESIM\SMOKESIM\RELEASE\CAMERA.OBJ
F:\CIS 563\FINAL SMOKE\FINAL SMOKE\SMOKESIMSTARTERKIT\SMOKESIM\SMOKESIM\RELEASE\CONSTANTS.OBJ
F:\CIS 563\FINAL SMOKE\FINAL SMOKE\SMOKESIMSTARTERKIT\SMOKESIM\SMOKESIM\RELEASE\FPS.OBJ
F:\CIS 563\FINAL SMOKE\FINAL SMOKE\SMOKESIMSTARTERKIT\SMOKESIM\SMOKESIM\RELEASE\GRID_DATA.OBJ
F:\CIS 563\FINAL SMOKE\FINAL SMOKE\SMOKESIMSTARTERKIT\SMOKESIM\SMOKESIM\RELEASE\MAC_GRID.OBJ
F:\CIS 563\FINAL SMOKE\FINAL SMOKE\SMOKESIMSTARTERKIT\SMOKESIM\SMOKESIM\RELEASE\MAIN.OBJ
F:\CIS 563\FINAL SMOKE\FINAL SMOKE\SMOKESIMSTARTERKIT\SMOKESIM\SMOKESIM\RELEASE\SMOKE_SIM.OBJ
F:\CIS 563\FINAL SMOKE\FINAL SMOKE\SMOKESIMSTARTERKIT\SMOKESIM\SMOKESIM\RELEASE\SMOKESIM.EXE.INTERMEDIATE.MANIFEST
F:\CIS 563\FINAL SMOKE\FINAL SMOKE\SMOKESIMSTARTERKIT\SMOKESIM\SMOKESIM\RELEASE\STB_IMAGE.OBJ
F:\CIS 563\FINAL SMOKE\FINAL SMOKE\SMOKESIMSTARTERKIT\SMOKESIM\SMOKESIM\RELEASE\STB_IMAGE_WRITE.OBJ
F:\CIS 563\FINAL SMOKE\FINAL SMOKE\SMOKESIMSTARTERKIT\SMOKESIM\SMOKESIM\RELEASE\TINYSTR.OBJ
F:\CIS 563\FINAL SMOKE\FINAL SMOKE\SMOKESIMSTARTERKIT\SMOKESIM\SMOKESIM\RELEASE\TINYXML.OBJ
F:\CIS 563\FINAL SMOKE\FINAL SMOKE\SMOKESIMSTARTERKIT\SMOKESIM\SMOKESIM\RELEASE\TINYXMLERROR.OBJ
F:\CIS 563\FINAL SMOKE\FINAL SMOKE\SMOKESIMSTARTERKIT\SMOKESIM\SMOKESIM\RELEASE\TINYXMLPARSER.OBJ
F:\CIS 563\FINAL SMOKE\FINAL SMOKE\SMOKESIMSTARTERKIT\SMOKESIM\SMOKESIM\RELEASE\VC100.PDB
F:\CIS 563\FINAL SMOKE\FINAL SMOKE\SMOKESIMSTARTERKIT\SMOKESIM\SMOKESIM\RELEASE\VEC.OBJ
F:\CIS 563\FINAL SMOKE\FINAL SMOKE\SMOKESIMSTARTERKIT\SMOKESIM\SMOKESIM\RELEASE\WORLD.OBJ
